> Total time: 0.000080 s
--------------------------------------------------------------------------------------
| FILE                : FUNCTION                    : LINE   : TIME   : %     : #    |
--------------------------------------------------------------------------------------
| ./modules/leRequest/: formatParams                :   189  : 0.0001 : 66.3  :    1 |
--------------------------------------------------------------------------------------
| ./modules/leRequest/: (for generator)             :   139  : ~      : ~     :    2 |
| ./modules/leRequest/: itrUrlParams                :   132  : ~      : ~     :    1 |
| ./lua/lua-profiler/p: stop                        :   225  : ~      : ~     :    1 |
--------------------------------------------------------------------------------------
> Total time: 0.000081 s
--------------------------------------------------------------------------------------
| FILE                : FUNCTION                    : LINE   : TIME   : %     : #    |
--------------------------------------------------------------------------------------
| ./modules/leRequest/: formatParams                :   189  : 0.0001 : 67.9  :    1 |
--------------------------------------------------------------------------------------
| ./modules/leRequest/: (for generator)             :   139  : ~      : ~     :    2 |
| ./modules/leRequest/: itrUrlParams                :   132  : ~      : ~     :    1 |
| ./lua/lua-profiler/p: stop                        :   225  : ~      : ~     :    1 |
--------------------------------------------------------------------------------------
> Total time: 0.000083 s
--------------------------------------------------------------------------------------
| FILE                : FUNCTION                    : LINE   : TIME   : %     : #    |
--------------------------------------------------------------------------------------
| ./modules/leRequest/: formatParams                :   189  : 0.0001 : 69.9  :    1 |
--------------------------------------------------------------------------------------
| ./modules/leRequest/: (for generator)             :   139  : ~      : ~     :    2 |
| ./modules/leRequest/: itrUrlParams                :   132  : ~      : ~     :    1 |
| ./lua/lua-profiler/p: stop                        :   225  : ~      : ~     :    1 |
--------------------------------------------------------------------------------------
> Total time: 0.000090 s
--------------------------------------------------------------------------------------
| FILE                : FUNCTION                    : LINE   : TIME   : %     : #    |
--------------------------------------------------------------------------------------
| ./modules/leRequest/: formatParams                :   189  : 0.0001 : 74.4  :    1 |
--------------------------------------------------------------------------------------
| ./modules/leRequest/: (for generator)             :   139  : ~      : ~     :    2 |
| ./modules/leRequest/: itrUrlParams                :   132  : ~      : ~     :    1 |
| ./lua/lua-profiler/p: stop                        :   225  : ~      : ~     :    1 |
--------------------------------------------------------------------------------------
> Total time: 0.000080 s
--------------------------------------------------------------------------------------
| FILE                : FUNCTION                    : LINE   : TIME   : %     : #    |
--------------------------------------------------------------------------------------
| ./modules/leRequest/: formatParams                :   189  : 0.0001 : 70.0  :    1 |
--------------------------------------------------------------------------------------
| ./modules/leRequest/: (for generator)             :   139  : ~      : ~     :    2 |
| ./modules/leRequest/: itrUrlParams                :   132  : ~      : ~     :    1 |
| ./lua/lua-profiler/p: stop                        :   225  : ~      : ~     :    1 |
--------------------------------------------------------------------------------------
> Total time: 0.000075 s
--------------------------------------------------------------------------------------
| FILE                : FUNCTION                    : LINE   : TIME   : %     : #    |
--------------------------------------------------------------------------------------
| ./modules/leRequest/: formatParams                :   189  : 0.0001 : 69.3  :    1 |
--------------------------------------------------------------------------------------
| ./modules/leRequest/: (for generator)             :   139  : ~      : ~     :    2 |
| ./modules/leRequest/: itrUrlParams                :   132  : ~      : ~     :    1 |
| ./lua/lua-profiler/p: stop                        :   225  : ~      : ~     :    1 |
--------------------------------------------------------------------------------------
> Total time: 0.000075 s
--------------------------------------------------------------------------------------
| FILE                : FUNCTION                    : LINE   : TIME   : %     : #    |
--------------------------------------------------------------------------------------
| ./modules/leRequest/: formatParams                :   189  : 0.0001 : 69.3  :    1 |
--------------------------------------------------------------------------------------
| ./modules/leRequest/: (for generator)             :   139  : ~      : ~     :    2 |
| ./modules/leRequest/: itrUrlParams                :   132  : ~      : ~     :    1 |
| ./lua/lua-profiler/p: stop                        :   225  : ~      : ~     :    1 |
--------------------------------------------------------------------------------------
> Total time: 0.000077 s
--------------------------------------------------------------------------------------
| FILE                : FUNCTION                    : LINE   : TIME   : %     : #    |
--------------------------------------------------------------------------------------
| ./modules/leRequest/: formatParams                :   189  : 0.0001 : 70.1  :    1 |
--------------------------------------------------------------------------------------
| ./modules/leRequest/: (for generator)             :   139  : ~      : ~     :    2 |
| ./modules/leRequest/: itrUrlParams                :   132  : ~      : ~     :    1 |
| ./lua/lua-profiler/p: stop                        :   225  : ~      : ~     :    1 |
--------------------------------------------------------------------------------------
> Total time: 0.000074 s
--------------------------------------------------------------------------------------
| FILE                : FUNCTION                    : LINE   : TIME   : %     : #    |
--------------------------------------------------------------------------------------
| ./modules/leRequest/: formatParams                :   189  : 0.0001 : 70.3  :    1 |
--------------------------------------------------------------------------------------
| ./modules/leRequest/: (for generator)             :   139  : ~      : ~     :    2 |
| ./modules/leRequest/: itrUrlParams                :   132  : ~      : ~     :    1 |
| ./lua/lua-profiler/p: stop                        :   225  : ~      : ~     :    1 |
--------------------------------------------------------------------------------------
> Total time: 0.000076 s
--------------------------------------------------------------------------------------
| FILE                : FUNCTION                    : LINE   : TIME   : %     : #    |
--------------------------------------------------------------------------------------
| ./modules/leRequest/: formatParams                :   189  : 0.0001 : 71.1  :    1 |
--------------------------------------------------------------------------------------
| ./modules/leRequest/: (for generator)             :   139  : ~      : ~     :    2 |
| ./modules/leRequest/: itrUrlParams                :   132  : ~      : ~     :    1 |
| ./lua/lua-profiler/p: stop                        :   225  : ~      : ~     :    1 |
--------------------------------------------------------------------------------------
