
> Total time: 0.000054 s
--------------------------------------------------------------------------------------
| FILE                : FUNCTION                    : LINE   : TIME   : %     : #    |
--------------------------------------------------------------------------------------
--------------------------------------------------------------------------------------
| ./lua/lua-profiler/p: stop                        :   225  : ~      : ~     :    1 |
| ./modules/leRequest/: formatParams                :   164  : ~      : ~     :    1 |
--------------------------------------------------------------------------------------
> Total time: 0.000050 s
--------------------------------------------------------------------------------------
| FILE                : FUNCTION                    : LINE   : TIME   : %     : #    |
--------------------------------------------------------------------------------------
--------------------------------------------------------------------------------------
| ./lua/lua-profiler/p: stop                        :   225  : ~      : ~     :    1 |
| ./modules/leRequest/: formatParams                :   164  : ~      : ~     :    1 |
--------------------------------------------------------------------------------------
> Total time: 0.000052 s
--------------------------------------------------------------------------------------
| FILE                : FUNCTION                    : LINE   : TIME   : %     : #    |
--------------------------------------------------------------------------------------
--------------------------------------------------------------------------------------
| ./lua/lua-profiler/p: stop                        :   225  : ~      : ~     :    1 |
| ./modules/leRequest/: formatParams                :   164  : ~      : ~     :    1 |
--------------------------------------------------------------------------------------
> Total time: 0.000074 s
--------------------------------------------------------------------------------------
| FILE                : FUNCTION                    : LINE   : TIME   : %     : #    |
--------------------------------------------------------------------------------------
--------------------------------------------------------------------------------------
| ./lua/lua-profiler/p: stop                        :   225  : ~      : ~     :    1 |
| ./modules/leRequest/: formatParams                :   164  : ~      : ~     :    1 |
--------------------------------------------------------------------------------------
> Total time: 0.000087 s
--------------------------------------------------------------------------------------
| FILE                : FUNCTION                    : LINE   : TIME   : %     : #    |
--------------------------------------------------------------------------------------
--------------------------------------------------------------------------------------
| ./lua/lua-profiler/p: stop                        :   225  : ~      : ~     :    1 |
| ./modules/leRequest/: formatParams                :   164  : ~      : ~     :    1 |
--------------------------------------------------------------------------------------
> Total time: 0.000191 s
--------------------------------------------------------------------------------------
| FILE                : FUNCTION                    : LINE   : TIME   : %     : #    |
--------------------------------------------------------------------------------------
--------------------------------------------------------------------------------------
| ./lua/lua-profiler/p: stop                        :   225  : ~      : ~     :    1 |
| ./modules/leRequest/: formatParams                :   164  : ~      : ~     :    1 |
--------------------------------------------------------------------------------------
> Total time: 0.000048 s
--------------------------------------------------------------------------------------
| FILE                : FUNCTION                    : LINE   : TIME   : %     : #    |
--------------------------------------------------------------------------------------
--------------------------------------------------------------------------------------
| ./lua/lua-profiler/p: stop                        :   225  : ~      : ~     :    1 |
| ./modules/leRequest/: formatParams                :   164  : ~      : ~     :    1 |
--------------------------------------------------------------------------------------
> Total time: 0.000054 s
--------------------------------------------------------------------------------------
| FILE                : FUNCTION                    : LINE   : TIME   : %     : #    |
--------------------------------------------------------------------------------------
--------------------------------------------------------------------------------------
| ./lua/lua-profiler/p: stop                        :   225  : ~      : ~     :    1 |
| ./modules/leRequest/: formatParams                :   164  : ~      : ~     :    1 |
--------------------------------------------------------------------------------------
> Total time: 0.000094 s
--------------------------------------------------------------------------------------
| FILE                : FUNCTION                    : LINE   : TIME   : %     : #    |
--------------------------------------------------------------------------------------
--------------------------------------------------------------------------------------
| ./lua/lua-profiler/p: stop                        :   225  : ~      : ~     :    1 |
| ./modules/leRequest/: formatParams                :   164  : ~      : ~     :    1 |
--------------------------------------------------------------------------------------
> Total time: 0.000050 s
--------------------------------------------------------------------------------------
| FILE                : FUNCTION                    : LINE   : TIME   : %     : #    |
--------------------------------------------------------------------------------------
--------------------------------------------------------------------------------------
| ./lua/lua-profiler/p: stop                        :   225  : ~      : ~     :    1 |
| ./modules/leRequest/: formatParams                :   164  : ~      : ~     :    1 |
--------------------------------------------------------------------------------------
